platforms/android/manifest-merger-release-report.txt
-- Merging decision tree log ---
manifest
ADDED from AndroidManifest.xml:2:1
	package
		ADDED from AndroidManifest.xml:2:102
	android:versionName
		ADDED from AndroidManifest.xml:2:74
	android:hardwareAccelerated
		ADDED from AndroidManifest.xml:2:11
	android:versionCode
		ADDED from AndroidManifest.xml:2:46
		INJECTED from AndroidManifest.xml:0:0
		INJECTED from AndroidManifest.xml:0:0
	xmlns:android
		ADDED from AndroidManifest.xml:2:134
supports-screens
ADDED from AndroidManifest.xml:3:5
	android:largeScreens
		ADDED from AndroidManifest.xml:3:49
	android:smallScreens
		ADDED from AndroidManifest.xml:3:132
	android:normalScreens
		ADDED from AndroidManifest.xml:3:77
	android:xlargeScreens
		ADDED from AndroidManifest.xml:3:160
	android:resizeable
		ADDED from AndroidManifest.xml:3:106
	android:anyDensity
		ADDED from AndroidManifest.xml:3:23
uses-permission#android.permission.INTERNET
ADDED from AndroidManifest.xml:4:5
MERGED from com.crashlytics.sdk.android:crashlytics:2.5.0:9:5
MERGED from com.crashlytics.sdk.android:crashlytics-core:2.3.3:9:5
	android:name
		ADDED from AndroidManifest.xml:4:22
uses-permission#android.permission.ACCESS_NETWORK_STATE
ADDED from AndroidManifest.xml:5:5
	android:name
		ADDED from AndroidManifest.xml:5:22
uses-permission#android.permission.WAKE_LOCK
ADDED from AndroidManifest.xml:6:5
	android:name
		ADDED from AndroidManifest.xml:6:22
uses-permission#android.permission.RECEIVE_BOOT_COMPLETED
ADDED from AndroidManifest.xml:7:5
	android:name
		ADDED from AndroidManifest.xml:7:22
uses-permission#android.permission.VIBRATE
ADDED from AndroidManifest.xml:8:5
	android:name
		ADDED from AndroidManifest.xml:8:22
uses-permission#android.permission.GET_ACCOUNTS
ADDED from AndroidManifest.xml:9:5
	android:name
		ADDED from AndroidManifest.xml:9:22
uses-permission#android.permission.ACCESS_WIFI_STATE
ADDED from AndroidManifest.xml:10:5
	android:name
		ADDED from AndroidManifest.xml:10:22
uses-permission#com.google.android.c2dm.permission.RECEIVE
ADDED from AndroidManifest.xml:11:5
	android:name
		ADDED from AndroidManifest.xml:11:22
permission#com.basetis.arrelsApp.permission.C2D_MESSAGE
ADDED from AndroidManifest.xml:12:5
	android:protectionLevel
		ADDED from AndroidManifest.xml:12:77
	android:name
		ADDED from AndroidManifest.xml:12:17
uses-permission#com.basetis.arrelsApp.permission.C2D_MESSAGE
ADDED from AndroidManifest.xml:13:5
	android:name
		ADDED from AndroidManifest.xml:13:22
application
ADDED from AndroidManifest.xml:14:5
MERGED from com.crashlytics.sdk.android:crashlytics:2.5.0:11:5
MERGED from io.fabric.sdk.android:fabric:1.3.5:25:5
MERGED from com.crashlytics.sdk.android:crashlytics-core:2.3.3:11:5
MERGED from com.crashlytics.sdk.android:answers:1.3.0:9:5
MERGED from io.fabric.sdk.android:fabric:1.3.5:25:5
MERGED from com.crashlytics.sdk.android:beta:1.1.3:9:5
	android:label
		ADDED from AndroidManifest.xml:14:83
	android:supportsRtl
		ADDED from AndroidManifest.xml:14:144
	android:hardwareAccelerated
		ADDED from AndroidManifest.xml:14:18
	android:icon
		ADDED from AndroidManifest.xml:14:53
	android:name
		ADDED from AndroidManifest.xml:14:116
meta-data#com.parse.push.notification_icon
ADDED from AndroidManifest.xml:15:9
	android:resource
		ADDED from AndroidManifest.xml:15:68
	android:name
		ADDED from AndroidManifest.xml:15:20
receiver#com.basetis.arrelsApp.ConnectivityReceiver
ADDED from AndroidManifest.xml:16:9
	android:name
		ADDED from AndroidManifest.xml:16:19
intent-filter#android.net.conn.CONNECTIVITY_CHANGE
ADDED from AndroidManifest.xml:17:13
action#android.net.conn.CONNECTIVITY_CHANGE
ADDED from AndroidManifest.xml:18:17
	android:name
		ADDED from AndroidManifest.xml:18:25
activity#com.basetis.arrelsApp.MainActivity
ADDED from AndroidManifest.xml:21:9
	android:screenOrientation
		ADDED from AndroidManifest.xml:21:194
	android:label
		ADDED from AndroidManifest.xml:21:97
	android:launchMode
		ADDED from AndroidManifest.xml:21:135
	android:windowSoftInputMode
		ADDED from AndroidManifest.xml:21:285
	android:configChanges
		ADDED from AndroidManifest.xml:21:19
	android:theme
		ADDED from AndroidManifest.xml:21:231
	android:name
		ADDED from AndroidManifest.xml:21:166
intent-filter#android.intent.action.MAIN+android.intent.category.LAUNCHER
ADDED from AndroidManifest.xml:22:13
	android:label
		ADDED from AndroidManifest.xml:22:28
action#android.intent.action.MAIN
ADDED from AndroidManifest.xml:23:17
	android:name
		ADDED from AndroidManifest.xml:23:25
category#android.intent.category.LAUNCHER
ADDED from AndroidManifest.xml:24:17
	android:name
		ADDED from AndroidManifest.xml:24:27
service#com.parse.PushService
ADDED from AndroidManifest.xml:27:9
	android:name
		ADDED from AndroidManifest.xml:27:18
receiver#com.parse.ParseBroadcastReceiver
ADDED from AndroidManifest.xml:28:9
	android:name
		ADDED from AndroidManifest.xml:28:19
intent-filter#android.intent.action.BOOT_COMPLETED+android.intent.action.USER_PRESENT
ADDED from AndroidManifest.xml:29:13
action#android.intent.action.BOOT_COMPLETED
ADDED from AndroidManifest.xml:30:17
	android:name
		ADDED from AndroidManifest.xml:30:25
action#android.intent.action.USER_PRESENT
ADDED from AndroidManifest.xml:31:17
	android:name
		ADDED from AndroidManifest.xml:31:25
receiver#com.parse.GcmBroadcastReceiver
ADDED from AndroidManifest.xml:34:9
	android:permission
		ADDED from AndroidManifest.xml:34:65
	android:name
		ADDED from AndroidManifest.xml:34:19
intent-filter#com.basetis.arrelsApp+com.google.android.c2dm.intent.RECEIVE+com.google.android.c2dm.intent.REGISTRATION
ADDED from AndroidManifest.xml:35:13
action#com.google.android.c2dm.intent.RECEIVE
ADDED from AndroidManifest.xml:36:17
	android:name
		ADDED from AndroidManifest.xml:36:25
action#com.google.android.c2dm.intent.REGISTRATION
ADDED from AndroidManifest.xml:37:17
	android:name
		ADDED from AndroidManifest.xml:37:25
category#com.basetis.arrelsApp
ADDED from AndroidManifest.xml:38:17
	android:name
		ADDED from AndroidManifest.xml:38:27
receiver#com.parse.ParsePushBroadcastReceiver
ADDED from AndroidManifest.xml:41:9
	android:exported
		ADDED from AndroidManifest.xml:41:19
	android:name
		ADDED from AndroidManifest.xml:41:44
intent-filter#com.parse.push.intent.DELETE+com.parse.push.intent.OPEN+com.parse.push.intent.RECEIVE
ADDED from AndroidManifest.xml:42:13
action#com.parse.push.intent.RECEIVE
ADDED from AndroidManifest.xml:43:17
	android:name
		ADDED from AndroidManifest.xml:43:25
action#com.parse.push.intent.DELETE
ADDED from AndroidManifest.xml:44:17
	android:name
		ADDED from AndroidManifest.xml:44:25
action#com.parse.push.intent.OPEN
ADDED from AndroidManifest.xml:45:17
	android:name
		ADDED from AndroidManifest.xml:45:25
meta-data#io.fabric.ApiKey
ADDED from AndroidManifest.xml:48:9
	android:value
		ADDED from AndroidManifest.xml:48:52
	android:name
		ADDED from AndroidManifest.xml:48:20
uses-feature#android.hardware.screen.portrait
ADDED from AndroidManifest.xml:51:5
	android:name
		ADDED from AndroidManifest.xml:51:19
uses-sdk
ADDED from AndroidManifest.xml:52:5
MERGED from com.crashlytics.sdk.android:crashlytics:2.5.0:7:5
MERGED from io.fabric.sdk.android:fabric:1.3.5:23:5
MERGED from com.crashlytics.sdk.android:crashlytics-core:2.3.3:7:5
MERGED from com.crashlytics.sdk.android:answers:1.3.0:7:5
MERGED from io.fabric.sdk.android:fabric:1.3.5:23:5
MERGED from com.crashlytics.sdk.android:beta:1.1.3:7:5
MERGED from android:CordovaLib:unspecified:release:25:5
	android:targetSdkVersion
		ADDED from AndroidManifest.xml:52:42
	android:minSdkVersion
		ADDED from AndroidManifest.xml:52:15
uses-permission#android.permission.ACCESS_COARSE_LOCATION
ADDED from AndroidManifest.xml:53:5
	android:name
		ADDED from AndroidManifest.xml:53:22
uses-permission#android.permission.ACCESS_FINE_LOCATION
ADDED from AndroidManifest.xml:54:5
	android:name
		ADDED from AndroidManifest.xml:54:22
uses-permission#android.permission.WRITE_EXTERNAL_STORAGE
ADDED from AndroidManifest.xml:55:5
	android:name
		ADDED from AndroidManifest.xml:55:22